[debug] [2017-11-06T05:12:02.139Z] ----------------------------------------------------------------------
[debug] [2017-11-06T05:12:02.141Z] Command:       /usr/local/Cellar/node/8.9.0/bin/node /usr/local/bin/firebase serve
[debug] [2017-11-06T05:12:02.142Z] CLI Version:   3.13.1
[debug] [2017-11-06T05:12:02.142Z] Platform:      darwin
[debug] [2017-11-06T05:12:02.142Z] Node Version:  v8.9.0
[debug] [2017-11-06T05:12:02.142Z] Time:          Sun Nov 05 2017 23:12:02 GMT-0600 (CST)
[debug] [2017-11-06T05:12:02.142Z] ----------------------------------------------------------------------
[debug] 
[debug] [2017-11-06T05:12:02.156Z] > command requires scopes: ["email","openid","https://www.googleapis.com/auth/cloudplatformprojects.readonly","https://www.googleapis.com/auth/firebase","https://www.googleapis.com/auth/cloud-platform"]
[debug] [2017-11-06T05:12:02.156Z] > authorizing via signed-in user
[debug] [2017-11-06T05:12:02.158Z] >>> HTTP REQUEST GET https://admin.firebase.com/v1/projects/gatherv0-b3651  
 Sun Nov 05 2017 23:12:02 GMT-0600 (CST)
[debug] [2017-11-06T05:12:02.430Z] <<< HTTP RESPONSE 200
[debug] [2017-11-06T05:12:02.431Z] >>> HTTP REQUEST GET https://admin.firebase.com/v1/database/gatherv0-b3651/tokens  
 Sun Nov 05 2017 23:12:02 GMT-0600 (CST)
[debug] [2017-11-06T05:12:02.834Z] <<< HTTP RESPONSE 200
[info] 
[info] === Serving from '/Users/peach/devmountain/group/Gather'...
[info] 
[debug] [2017-11-06T05:12:02.837Z] >>> HTTP REQUEST GET https://cloudresourcemanager.googleapis.com/v1/projects/gatherv0-b3651  
 Sun Nov 05 2017 23:12:02 GMT-0600 (CST)
[debug] [2017-11-06T05:12:03.036Z] <<< HTTP RESPONSE 200
[debug] [2017-11-06T05:12:03.037Z] >>> HTTP REQUEST GET https://mobilesdk-pa.googleapis.com/v1/projects/710004267791/clients/_:getWebAppConfig  
 Sun Nov 05 2017 23:12:03 GMT-0600 (CST)
[debug] [2017-11-06T05:12:03.293Z] <<< HTTP RESPONSE 200
[info] i  hosting: Serving hosting files from: build
[info] ✔  hosting: Local server: http://localhost:5000

